<?xml version="1.0" encoding="UTF-8"?>
<testsuite name="com.example.RPLTubes.RplTubesApplicationTests" tests="1" skipped="0" failures="0" errors="0" timestamp="2024-11-20T03:49:23" hostname="LAPTOP-8KO0M35B" time="2.492">
  <properties/>
  <testcase name="contextLoads()" classname="com.example.RPLTubes.RplTubesApplicationTests" time="2.492"/>
  <system-out><![CDATA[10:49:18.432 [Test worker] INFO org.springframework.test.context.support.AnnotationConfigContextLoaderUtils -- Could not detect default configuration classes for test class [com.example.RPLTubes.RplTubesApplicationTests]: RplTubesApplicationTests does not declare any static, non-private, non-final, nested classes annotated with @Configuration.
10:49:18.643 [Test worker] INFO org.springframework.boot.test.context.SpringBootTestContextBootstrapper -- Found @SpringBootConfiguration com.example.RPLTubes.RplTubesApplication for test class com.example.RPLTubes.RplTubesApplicationTests

  .   ____          _            __ _ _
 /\\ / ___'_ __ _ _(_)_ __  __ _ \ \ \ \
( ( )\___ | '_ | '_| | '_ \/ _` | \ \ \ \
 \\/  ___)| |_)| | | | | || (_| |  ) ) ) )
  '  |____| .__|_| |_|_| |_\__, | / / / /
 =========|_|==============|___/=/_/_/_/

 :: Spring Boot ::                (v3.3.5)

2024-11-20T10:49:19.590+07:00  INFO 24436 --- [RPLTubes] [    Test worker] c.e.RPLTubes.RplTubesApplicationTests    : Starting RplTubesApplicationTests using Java 21.0.1 with PID 24436 (started by Alvin Chandra in D:\RPLTubes\RPLTubes)
2024-11-20T10:49:19.597+07:00  INFO 24436 --- [RPLTubes] [    Test worker] c.e.RPLTubes.RplTubesApplicationTests    : No active profile set, falling back to 1 default profile: "default"
2024-11-20T10:49:23.692+07:00  INFO 24436 --- [RPLTubes] [    Test worker] c.e.RPLTubes.RplTubesApplicationTests    : Started RplTubesApplicationTests in 4.72 seconds (process running for 7.816)
]]></system-out>
  <system-err><![CDATA[WARNING: A Java agent has been loaded dynamically (C:\Users\Alvin Chandra\.gradle\caches\modules-2\files-2.1\net.bytebuddy\byte-buddy-agent\1.14.19\154da3a65b4f4a909d3e5bdec55d1b2b4cbb6ce1\byte-buddy-agent-1.14.19.jar)
WARNING: If a serviceability tool is in use, please run with -XX:+EnableDynamicAgentLoading to hide this warning
WARNING: If a serviceability tool is not in use, please run with -Djdk.instrument.traceUsage for more information
WARNING: Dynamic loading of agents will be disallowed by default in a future release
]]></system-err>
</testsuite>
